Running from: /usr/share/jenkins/jenkins.war
webroot: EnvVars.masterEnvVars.get("JENKINS_HOME")
Oct 16, 2016 12:08:33 PM winstone.Logger logInternal
INFO: Beginning extraction from war file
Oct 16, 2016 12:08:34 PM org.eclipse.jetty.util.log.JavaUtilLog info
INFO: jetty-winstone-2.8
Oct 16, 2016 12:08:36 PM org.eclipse.jetty.util.log.JavaUtilLog info
INFO: NO JSP Support for , did not find org.apache.jasper.servlet.JspServlet
Jenkins home directory: /var/jenkins_home found at: EnvVars.masterEnvVars.get("JENKINS_HOME")
Oct 16, 2016 12:08:36 PM org.eclipse.jetty.util.log.JavaUtilLog info
INFO: Started SelectChannelConnector@0.0.0.0:8080
Oct 16, 2016 12:08:36 PM winstone.Logger logInternal
INFO: Winstone Servlet Engine v2.0 running: controlPort=disabled
Oct 16, 2016 12:08:37 PM jenkins.InitReactorRunner$1 onAttained
INFO: Started initialization
Oct 16, 2016 12:08:50 PM jenkins.InitReactorRunner$1 onAttained
INFO: Listed all plugins
Oct 16, 2016 12:08:50 PM jenkins.InitReactorRunner$1 onAttained
INFO: Prepared all plugins
Oct 16, 2016 12:08:50 PM jenkins.InitReactorRunner$1 onAttained
INFO: Started all plugins
Oct 16, 2016 12:08:50 PM jenkins.InitReactorRunner$1 onAttained
INFO: Augmented all extensions
Oct 16, 2016 12:08:53 PM jenkins.InitReactorRunner$1 onAttained
INFO: Loaded all jobs
Oct 16, 2016 12:08:55 PM org.jenkinsci.main.modules.sshd.SSHD start
INFO: Started SSHD at port 33009
Oct 16, 2016 12:08:55 PM hudson.model.AsyncPeriodicWork$1 run
INFO: Started Download metadata
Oct 16, 2016 12:08:55 PM jenkins.util.groovy.GroovyHookScript execute
INFO: Executing /var/jenkins_home/init.groovy.d/tcp-slave-agent-port.groovy
Oct 16, 2016 12:08:56 PM jenkins.InitReactorRunner$1 onAttained
INFO: Completed initialization
Oct 16, 2016 12:08:56 PM hudson.WebAppMain$3 run
INFO: Jenkins is fully up and running
Oct 16, 2016 12:09:02 PM hudson.model.UpdateSite updateData
INFO: Obtained the latest update center data file for UpdateSource default
Oct 16, 2016 12:09:03 PM hudson.model.DownloadService$Downloadable load
INFO: Obtained the updated data file for hudson.tasks.Maven.MavenInstaller
Oct 16, 2016 12:09:04 PM hudson.model.DownloadService$Downloadable load
INFO: Obtained the updated data file for hudson.tasks.Ant.AntInstaller
Oct 16, 2016 12:09:06 PM hudson.model.DownloadService$Downloadable load
INFO: Obtained the updated data file for hudson.tools.JDKInstaller
Oct 16, 2016 12:09:06 PM hudson.model.AsyncPeriodicWork$1 run
INFO: Finished Download metadata. 10,619 ms
--> setting agent port for jnlp
Oct 16, 2016 12:47:16 PM winstone.Logger logInternal
INFO: JVM is terminating. Shutting down Winstone
